2025-07-08 00:49:59,433 - ERROR - Error scraping r/smallbusiness: received 429 HTTP response
Traceback (most recent call last):
  File "/Users/marcdejesus/development/Reddit Scraper/reddit_saas_finder/src/data/reddit_client.py", line 79, in scrape_subreddit
    post.comments.replace_more(limit=0)
    ^^^^^^^^^^^^^
  File "/Users/marcdejesus/development/Reddit Scraper/venv/lib/python3.13/site-packages/praw/models/reddit/base.py", line 38, in __getattr__
    self._fetch()
    ~~~~~~~~~~~^^
  File "/Users/marcdejesus/development/Reddit Scraper/venv/lib/python3.13/site-packages/praw/models/reddit/submission.py", line 726, in _fetch
    data = self._fetch_data()
  File "/Users/marcdejesus/development/Reddit Scraper/venv/lib/python3.13/site-packages/praw/models/reddit/submission.py", line 744, in _fetch_data
    return self._reddit.request(method="GET", params=params, path=path)
           ~~~~~~~~~~~~~~~~~~~~^^^^^^^^^^^^^^^^^^^^^^^^^^^^^^^^^^^^^^^^
  File "/Users/marcdejesus/development/Reddit Scraper/venv/lib/python3.13/site-packages/praw/util/deprecate_args.py", line 46, in wrapped
    return func(**dict(zip(_old_args, args)), **kwargs)
  File "/Users/marcdejesus/development/Reddit Scraper/venv/lib/python3.13/site-packages/praw/reddit.py", line 963, in request
    return self._core.request(
           ~~~~~~~~~~~~~~~~~~^
        data=data,
        ^^^^^^^^^^
    ...<4 lines>...
        path=path,
        ^^^^^^^^^^
    )
    ^
  File "/Users/marcdejesus/development/Reddit Scraper/venv/lib/python3.13/site-packages/prawcore/sessions.py", line 328, in request
    return self._request_with_retries(
           ~~~~~~~~~~~~~~~~~~~~~~~~~~^
        data=data,
        ^^^^^^^^^^
    ...<5 lines>...
        url=url,
        ^^^^^^^^
    )
    ^
  File "/Users/marcdejesus/development/Reddit Scraper/venv/lib/python3.13/site-packages/prawcore/sessions.py", line 267, in _request_with_retries
    raise self.STATUS_EXCEPTIONS[response.status_code](response)
prawcore.exceptions.TooManyRequests: received 429 HTTP response
2025-07-08 00:49:59,515 - ERROR - Error scraping r/freelance: received 429 HTTP response
Traceback (most recent call last):
  File "/Users/marcdejesus/development/Reddit Scraper/reddit_saas_finder/src/data/reddit_client.py", line 63, in scrape_subreddit
    for post in subreddit.top(time_filter=time_filter, limit=limit):
                ~~~~~~~~~~~~~^^^^^^^^^^^^^^^^^^^^^^^^^^^^^^^^^^^^^^
  File "/Users/marcdejesus/development/Reddit Scraper/venv/lib/python3.13/site-packages/praw/models/listing/generator.py", line 66, in __next__
    self._next_batch()
    ~~~~~~~~~~~~~~~~^^
  File "/Users/marcdejesus/development/Reddit Scraper/venv/lib/python3.13/site-packages/praw/models/listing/generator.py", line 90, in _next_batch
    self._listing = self._reddit.get(self.url, params=self.params)
                    ~~~~~~~~~~~~~~~~^^^^^^^^^^^^^^^^^^^^^^^^^^^^^^
  File "/Users/marcdejesus/development/Reddit Scraper/venv/lib/python3.13/site-packages/praw/util/deprecate_args.py", line 46, in wrapped
    return func(**dict(zip(_old_args, args)), **kwargs)
  File "/Users/marcdejesus/development/Reddit Scraper/venv/lib/python3.13/site-packages/praw/reddit.py", line 731, in get
    return self._objectify_request(method="GET", params=params, path=path)
           ~~~~~~~~~~~~~~~~~~~~~~~^^^^^^^^^^^^^^^^^^^^^^^^^^^^^^^^^^^^^^^^
  File "/Users/marcdejesus/development/Reddit Scraper/venv/lib/python3.13/site-packages/praw/reddit.py", line 514, in _objectify_request
    self.request(
    ~~~~~~~~~~~~^
        data=data,
        ^^^^^^^^^^
    ...<4 lines>...
        path=path,
        ^^^^^^^^^^
    )
    ^
  File "/Users/marcdejesus/development/Reddit Scraper/venv/lib/python3.13/site-packages/praw/util/deprecate_args.py", line 46, in wrapped
    return func(**dict(zip(_old_args, args)), **kwargs)
  File "/Users/marcdejesus/development/Reddit Scraper/venv/lib/python3.13/site-packages/praw/reddit.py", line 963, in request
    return self._core.request(
           ~~~~~~~~~~~~~~~~~~^
        data=data,
        ^^^^^^^^^^
    ...<4 lines>...
        path=path,
        ^^^^^^^^^^
    )
    ^
  File "/Users/marcdejesus/development/Reddit Scraper/venv/lib/python3.13/site-packages/prawcore/sessions.py", line 328, in request
    return self._request_with_retries(
           ~~~~~~~~~~~~~~~~~~~~~~~~~~^
        data=data,
        ^^^^^^^^^^
    ...<5 lines>...
        url=url,
        ^^^^^^^^
    )
    ^
  File "/Users/marcdejesus/development/Reddit Scraper/venv/lib/python3.13/site-packages/prawcore/sessions.py", line 267, in _request_with_retries
    raise self.STATUS_EXCEPTIONS[response.status_code](response)
prawcore.exceptions.TooManyRequests: received 429 HTTP response
2025-07-08 00:49:59,586 - ERROR - Error scraping r/remotework: received 429 HTTP response
Traceback (most recent call last):
  File "/Users/marcdejesus/development/Reddit Scraper/reddit_saas_finder/src/data/reddit_client.py", line 63, in scrape_subreddit
    for post in subreddit.top(time_filter=time_filter, limit=limit):
                ~~~~~~~~~~~~~^^^^^^^^^^^^^^^^^^^^^^^^^^^^^^^^^^^^^^
  File "/Users/marcdejesus/development/Reddit Scraper/venv/lib/python3.13/site-packages/praw/models/listing/generator.py", line 66, in __next__
    self._next_batch()
    ~~~~~~~~~~~~~~~~^^
  File "/Users/marcdejesus/development/Reddit Scraper/venv/lib/python3.13/site-packages/praw/models/listing/generator.py", line 90, in _next_batch
    self._listing = self._reddit.get(self.url, params=self.params)
                    ~~~~~~~~~~~~~~~~^^^^^^^^^^^^^^^^^^^^^^^^^^^^^^
  File "/Users/marcdejesus/development/Reddit Scraper/venv/lib/python3.13/site-packages/praw/util/deprecate_args.py", line 46, in wrapped
    return func(**dict(zip(_old_args, args)), **kwargs)
  File "/Users/marcdejesus/development/Reddit Scraper/venv/lib/python3.13/site-packages/praw/reddit.py", line 731, in get
    return self._objectify_request(method="GET", params=params, path=path)
           ~~~~~~~~~~~~~~~~~~~~~~~^^^^^^^^^^^^^^^^^^^^^^^^^^^^^^^^^^^^^^^^
  File "/Users/marcdejesus/development/Reddit Scraper/venv/lib/python3.13/site-packages/praw/reddit.py", line 514, in _objectify_request
    self.request(
    ~~~~~~~~~~~~^
        data=data,
        ^^^^^^^^^^
    ...<4 lines>...
        path=path,
        ^^^^^^^^^^
    )
    ^
  File "/Users/marcdejesus/development/Reddit Scraper/venv/lib/python3.13/site-packages/praw/util/deprecate_args.py", line 46, in wrapped
    return func(**dict(zip(_old_args, args)), **kwargs)
  File "/Users/marcdejesus/development/Reddit Scraper/venv/lib/python3.13/site-packages/praw/reddit.py", line 963, in request
    return self._core.request(
           ~~~~~~~~~~~~~~~~~~^
        data=data,
        ^^^^^^^^^^
    ...<4 lines>...
        path=path,
        ^^^^^^^^^^
    )
    ^
  File "/Users/marcdejesus/development/Reddit Scraper/venv/lib/python3.13/site-packages/prawcore/sessions.py", line 328, in request
    return self._request_with_retries(
           ~~~~~~~~~~~~~~~~~~~~~~~~~~^
        data=data,
        ^^^^^^^^^^
    ...<5 lines>...
        url=url,
        ^^^^^^^^
    )
    ^
  File "/Users/marcdejesus/development/Reddit Scraper/venv/lib/python3.13/site-packages/prawcore/sessions.py", line 267, in _request_with_retries
    raise self.STATUS_EXCEPTIONS[response.status_code](response)
prawcore.exceptions.TooManyRequests: received 429 HTTP response
2025-07-08 00:49:59,649 - ERROR - Error scraping r/digitalnomad: received 429 HTTP response
Traceback (most recent call last):
  File "/Users/marcdejesus/development/Reddit Scraper/reddit_saas_finder/src/data/reddit_client.py", line 63, in scrape_subreddit
    for post in subreddit.top(time_filter=time_filter, limit=limit):
                ~~~~~~~~~~~~~^^^^^^^^^^^^^^^^^^^^^^^^^^^^^^^^^^^^^^
  File "/Users/marcdejesus/development/Reddit Scraper/venv/lib/python3.13/site-packages/praw/models/listing/generator.py", line 66, in __next__
    self._next_batch()
    ~~~~~~~~~~~~~~~~^^
  File "/Users/marcdejesus/development/Reddit Scraper/venv/lib/python3.13/site-packages/praw/models/listing/generator.py", line 90, in _next_batch
    self._listing = self._reddit.get(self.url, params=self.params)
                    ~~~~~~~~~~~~~~~~^^^^^^^^^^^^^^^^^^^^^^^^^^^^^^
  File "/Users/marcdejesus/development/Reddit Scraper/venv/lib/python3.13/site-packages/praw/util/deprecate_args.py", line 46, in wrapped
    return func(**dict(zip(_old_args, args)), **kwargs)
  File "/Users/marcdejesus/development/Reddit Scraper/venv/lib/python3.13/site-packages/praw/reddit.py", line 731, in get
    return self._objectify_request(method="GET", params=params, path=path)
           ~~~~~~~~~~~~~~~~~~~~~~~^^^^^^^^^^^^^^^^^^^^^^^^^^^^^^^^^^^^^^^^
  File "/Users/marcdejesus/development/Reddit Scraper/venv/lib/python3.13/site-packages/praw/reddit.py", line 514, in _objectify_request
    self.request(
    ~~~~~~~~~~~~^
        data=data,
        ^^^^^^^^^^
    ...<4 lines>...
        path=path,
        ^^^^^^^^^^
    )
    ^
  File "/Users/marcdejesus/development/Reddit Scraper/venv/lib/python3.13/site-packages/praw/util/deprecate_args.py", line 46, in wrapped
    return func(**dict(zip(_old_args, args)), **kwargs)
  File "/Users/marcdejesus/development/Reddit Scraper/venv/lib/python3.13/site-packages/praw/reddit.py", line 963, in request
    return self._core.request(
           ~~~~~~~~~~~~~~~~~~^
        data=data,
        ^^^^^^^^^^
    ...<4 lines>...
        path=path,
        ^^^^^^^^^^
    )
    ^
  File "/Users/marcdejesus/development/Reddit Scraper/venv/lib/python3.13/site-packages/prawcore/sessions.py", line 328, in request
    return self._request_with_retries(
           ~~~~~~~~~~~~~~~~~~~~~~~~~~^
        data=data,
        ^^^^^^^^^^
    ...<5 lines>...
        url=url,
        ^^^^^^^^
    )
    ^
  File "/Users/marcdejesus/development/Reddit Scraper/venv/lib/python3.13/site-packages/prawcore/sessions.py", line 267, in _request_with_retries
    raise self.STATUS_EXCEPTIONS[response.status_code](response)
prawcore.exceptions.TooManyRequests: received 429 HTTP response
2025-07-08 00:49:59,718 - ERROR - Error scraping r/webdev: received 429 HTTP response
Traceback (most recent call last):
  File "/Users/marcdejesus/development/Reddit Scraper/reddit_saas_finder/src/data/reddit_client.py", line 63, in scrape_subreddit
    for post in subreddit.top(time_filter=time_filter, limit=limit):
                ~~~~~~~~~~~~~^^^^^^^^^^^^^^^^^^^^^^^^^^^^^^^^^^^^^^
  File "/Users/marcdejesus/development/Reddit Scraper/venv/lib/python3.13/site-packages/praw/models/listing/generator.py", line 66, in __next__
    self._next_batch()
    ~~~~~~~~~~~~~~~~^^
  File "/Users/marcdejesus/development/Reddit Scraper/venv/lib/python3.13/site-packages/praw/models/listing/generator.py", line 90, in _next_batch
    self._listing = self._reddit.get(self.url, params=self.params)
                    ~~~~~~~~~~~~~~~~^^^^^^^^^^^^^^^^^^^^^^^^^^^^^^
  File "/Users/marcdejesus/development/Reddit Scraper/venv/lib/python3.13/site-packages/praw/util/deprecate_args.py", line 46, in wrapped
    return func(**dict(zip(_old_args, args)), **kwargs)
  File "/Users/marcdejesus/development/Reddit Scraper/venv/lib/python3.13/site-packages/praw/reddit.py", line 731, in get
    return self._objectify_request(method="GET", params=params, path=path)
           ~~~~~~~~~~~~~~~~~~~~~~~^^^^^^^^^^^^^^^^^^^^^^^^^^^^^^^^^^^^^^^^
  File "/Users/marcdejesus/development/Reddit Scraper/venv/lib/python3.13/site-packages/praw/reddit.py", line 514, in _objectify_request
    self.request(
    ~~~~~~~~~~~~^
        data=data,
        ^^^^^^^^^^
    ...<4 lines>...
        path=path,
        ^^^^^^^^^^
    )
    ^
  File "/Users/marcdejesus/development/Reddit Scraper/venv/lib/python3.13/site-packages/praw/util/deprecate_args.py", line 46, in wrapped
    return func(**dict(zip(_old_args, args)), **kwargs)
  File "/Users/marcdejesus/development/Reddit Scraper/venv/lib/python3.13/site-packages/praw/reddit.py", line 963, in request
    return self._core.request(
           ~~~~~~~~~~~~~~~~~~^
        data=data,
        ^^^^^^^^^^
    ...<4 lines>...
        path=path,
        ^^^^^^^^^^
    )
    ^
  File "/Users/marcdejesus/development/Reddit Scraper/venv/lib/python3.13/site-packages/prawcore/sessions.py", line 328, in request
    return self._request_with_retries(
           ~~~~~~~~~~~~~~~~~~~~~~~~~~^
        data=data,
        ^^^^^^^^^^
    ...<5 lines>...
        url=url,
        ^^^^^^^^
    )
    ^
  File "/Users/marcdejesus/development/Reddit Scraper/venv/lib/python3.13/site-packages/prawcore/sessions.py", line 267, in _request_with_retries
    raise self.STATUS_EXCEPTIONS[response.status_code](response)
prawcore.exceptions.TooManyRequests: received 429 HTTP response
2025-07-08 00:49:59,779 - ERROR - Error scraping r/marketing: received 429 HTTP response
Traceback (most recent call last):
  File "/Users/marcdejesus/development/Reddit Scraper/reddit_saas_finder/src/data/reddit_client.py", line 63, in scrape_subreddit
    for post in subreddit.top(time_filter=time_filter, limit=limit):
                ~~~~~~~~~~~~~^^^^^^^^^^^^^^^^^^^^^^^^^^^^^^^^^^^^^^
  File "/Users/marcdejesus/development/Reddit Scraper/venv/lib/python3.13/site-packages/praw/models/listing/generator.py", line 66, in __next__
    self._next_batch()
    ~~~~~~~~~~~~~~~~^^
  File "/Users/marcdejesus/development/Reddit Scraper/venv/lib/python3.13/site-packages/praw/models/listing/generator.py", line 90, in _next_batch
    self._listing = self._reddit.get(self.url, params=self.params)
                    ~~~~~~~~~~~~~~~~^^^^^^^^^^^^^^^^^^^^^^^^^^^^^^
  File "/Users/marcdejesus/development/Reddit Scraper/venv/lib/python3.13/site-packages/praw/util/deprecate_args.py", line 46, in wrapped
    return func(**dict(zip(_old_args, args)), **kwargs)
  File "/Users/marcdejesus/development/Reddit Scraper/venv/lib/python3.13/site-packages/praw/reddit.py", line 731, in get
    return self._objectify_request(method="GET", params=params, path=path)
           ~~~~~~~~~~~~~~~~~~~~~~~^^^^^^^^^^^^^^^^^^^^^^^^^^^^^^^^^^^^^^^^
  File "/Users/marcdejesus/development/Reddit Scraper/venv/lib/python3.13/site-packages/praw/reddit.py", line 514, in _objectify_request
    self.request(
    ~~~~~~~~~~~~^
        data=data,
        ^^^^^^^^^^
    ...<4 lines>...
        path=path,
        ^^^^^^^^^^
    )
    ^
  File "/Users/marcdejesus/development/Reddit Scraper/venv/lib/python3.13/site-packages/praw/util/deprecate_args.py", line 46, in wrapped
    return func(**dict(zip(_old_args, args)), **kwargs)
  File "/Users/marcdejesus/development/Reddit Scraper/venv/lib/python3.13/site-packages/praw/reddit.py", line 963, in request
    return self._core.request(
           ~~~~~~~~~~~~~~~~~~^
        data=data,
        ^^^^^^^^^^
    ...<4 lines>...
        path=path,
        ^^^^^^^^^^
    )
    ^
  File "/Users/marcdejesus/development/Reddit Scraper/venv/lib/python3.13/site-packages/prawcore/sessions.py", line 328, in request
    return self._request_with_retries(
           ~~~~~~~~~~~~~~~~~~~~~~~~~~^
        data=data,
        ^^^^^^^^^^
    ...<5 lines>...
        url=url,
        ^^^^^^^^
    )
    ^
  File "/Users/marcdejesus/development/Reddit Scraper/venv/lib/python3.13/site-packages/prawcore/sessions.py", line 267, in _request_with_retries
    raise self.STATUS_EXCEPTIONS[response.status_code](response)
prawcore.exceptions.TooManyRequests: received 429 HTTP response
